[INFO ] 2024-12-23 00:15:44.056 [main] BaseTest - Before Scenario
[INFO ] 2024-12-23 00:15:44.062 [main] BaseTest - Before conditional hook Scenario
[INFO ] 2024-12-23 00:15:44.063 [main] BaseTest - Before Step
[INFO ] 2024-12-23 00:15:44.074 [main] BaseTest - After Step
[INFO ] 2024-12-23 00:15:44.075 [main] BaseTest - Before Step
[INFO ] 2024-12-23 00:15:46.906 [main] BaseTest - After Step
[INFO ] 2024-12-23 00:15:46.907 [main] BaseTest - Before Step
[INFO ] 2024-12-23 00:15:46.963 [main] BaseTest - After Step
[INFO ] 2024-12-23 00:15:46.964 [main] BaseTest - Before Step
[INFO ] 2024-12-23 00:15:47.575 [main] BaseTest - After Step
[INFO ] 2024-12-23 00:15:47.576 [main] BaseTest - Before Step
[INFO ] 2024-12-23 00:15:52.333 [main] BaseTest - After Step
[INFO ] 2024-12-23 00:15:52.333 [main] BaseTest - Before Step
[INFO ] 2024-12-23 00:15:52.364 [main] BaseTest - After Step
[INFO ] 2024-12-23 00:15:52.364 [main] BaseTest - Before Step
[INFO ] 2024-12-23 00:15:52.620 [main] BaseTest - After Step
[INFO ] 2024-12-23 00:15:52.620 [main] BaseTest - Before Step
[INFO ] 2024-12-23 00:15:55.256 [main] BaseTest - After Step
[INFO ] 2024-12-23 00:15:55.261 [main] BaseTest - Before Step
[INFO ] 2024-12-23 00:15:55.288 [main] BaseTest - After Step
[INFO ] 2024-12-23 00:15:55.292 [main] BaseTest - Before Step
[INFO ] 2024-12-23 00:15:55.513 [main] BaseTest - After Step
[INFO ] 2024-12-23 00:15:55.513 [main] BaseTest - Before Step
[INFO ] 2024-12-23 00:15:58.042 [main] BaseTest - After Step
[INFO ] 2024-12-23 00:15:58.042 [main] BaseTest - Before Step
[INFO ] 2024-12-23 00:15:58.120 [main] BaseTest - After Step
[INFO ] 2024-12-23 00:15:58.121 [main] BaseTest - Before Step
[INFO ] 2024-12-23 00:15:58.122 [main] CustomersStepDef - **** Logout
[INFO ] 2024-12-23 00:16:02.645 [main] BaseTest - After Step
[INFO ] 2024-12-23 00:16:02.645 [main] BaseTest - Tearing down...
[INFO ] 2024-12-23 00:16:02.916 [main] BaseTest - After conditional hook Scenario
[INFO ] 2024-12-23 04:12:36.928 [main] CustomersStepDef - **** Logout
[INFO ] 2024-12-23 04:12:41.205 [main] BaseTest - Tearing down the driver...
[INFO ] 2024-12-23 04:12:53.817 [main] CustomersStepDef - **** Logout
[INFO ] 2024-12-23 04:12:58.073 [main] BaseTest - Tearing down the driver...
[INFO ] 2024-12-23 04:13:10.685 [main] CustomersStepDef - **** Logout
[INFO ] 2024-12-23 04:13:14.940 [main] BaseTest - Tearing down the driver...
[INFO ] 2024-12-23 04:20:35.842 [main] BaseTest - Tearing down the driver...
[INFO ] 2024-12-23 04:20:48.212 [main] BaseTest - Tearing down the driver...
[INFO ] 2024-12-23 04:20:54.132 [main] BaseTest - Tearing down the driver...
[INFO ] 2024-12-23 04:20:59.832 [main] BaseTest - Tearing down the driver...
[INFO ] 2024-12-23 04:21:05.534 [main] BaseTest - Tearing down the driver...
[INFO ] 2024-12-23 04:21:18.115 [main] CustomersStepDef - **** Logout
[INFO ] 2024-12-23 04:21:22.315 [main] BaseTest - Tearing down the driver...
[INFO ] 2024-12-23 04:24:58.937 [main] CustomersStepDef - **** Logout
[INFO ] 2024-12-23 04:25:03.181 [main] BaseTest - Tearing down the driver...
[INFO ] 2024-12-24 02:56:28.557 [main] BaseTest - Tearing down the driver...
[INFO ] 2024-12-24 02:57:18.561 [main] CustomersStepDef - **** Logout
[INFO ] 2024-12-24 02:57:23.107 [main] BaseTest - Tearing down the driver...
[INFO ] 2024-12-24 03:01:41.122 [main] CustomersStepDef - **** Logout
[INFO ] 2024-12-24 03:01:45.854 [main] BaseTest - Tearing down the driver...
[INFO ] 2024-12-24 03:06:16.356 [main] BaseTest - Tearing down the driver...
[INFO ] 2024-12-24 03:06:30.733 [main] BaseTest - Tearing down the driver...
[INFO ] 2024-12-24 03:06:38.981 [main] BaseTest - Tearing down the driver...
[INFO ] 2024-12-24 03:06:46.638 [main] BaseTest - Tearing down the driver...
[INFO ] 2024-12-24 03:06:54.121 [main] BaseTest - Tearing down the driver...
[INFO ] 2024-12-24 03:07:13.560 [main] CustomersStepDef - **** Logout
[INFO ] 2024-12-24 03:07:18.060 [main] BaseTest - Tearing down the driver...
[INFO ] 2024-12-24 03:15:17.921 [main] BaseTest - Tearing down the driver...
[INFO ] 2024-12-24 03:15:31.975 [main] BaseTest - Tearing down the driver...
[INFO ] 2024-12-24 03:15:39.716 [main] BaseTest - Tearing down the driver...
[INFO ] 2024-12-24 03:15:47.089 [main] BaseTest - Tearing down the driver...
[INFO ] 2024-12-24 03:15:54.517 [main] BaseTest - Tearing down the driver...
[INFO ] 2024-12-24 03:16:19.991 [main] CustomersStepDef - **** Logout
[INFO ] 2024-12-24 03:16:24.451 [main] BaseTest - Tearing down the driver...
[INFO ] 2024-12-24 03:16:39.755 [main] CustomersStepDef - **** Logout
[INFO ] 2024-12-24 03:16:44.246 [main] BaseTest - Tearing down the driver...
[INFO ] 2024-12-24 03:16:59.092 [main] CustomersStepDef - **** Logout
[INFO ] 2024-12-24 03:17:03.636 [main] BaseTest - Tearing down the driver...
[INFO ] 2024-12-25 04:01:57.320 [main] CustomersStepDef - **** Logout
[INFO ] 2024-12-25 04:02:01.831 [main] BaseTest - Tearing down the driver...
[INFO ] 2024-12-25 04:02:21.371 [main] CustomersStepDef - **** Logout
[INFO ] 2024-12-25 04:02:25.790 [main] BaseTest - Tearing down the driver...
[INFO ] 2024-12-25 04:02:45.189 [main] CustomersStepDef - **** Logout
[INFO ] 2024-12-25 04:02:49.669 [main] BaseTest - Tearing down the driver...
[INFO ] 2024-12-25 04:17:40.617 [main] CustomersStepDef - Customer LIMGOEZ AZNRUWJ, has been added successfully.
[INFO ] 2024-12-25 04:17:40.631 [main] CustomersStepDef - **** Logout
[INFO ] 2024-12-25 04:17:45.261 [main] BaseTest - Tearing down the driver...
[INFO ] 2024-12-25 04:18:09.344 [main] BaseTest - Tearing down the driver...
[INFO ] 2024-12-25 04:19:51.268 [main] CustomersStepDef - Customer KQZTDEV DPHUPRC, has been added successfully.
[INFO ] 2024-12-25 04:19:51.284 [main] CustomersStepDef - **** Logout
[INFO ] 2024-12-25 04:19:55.857 [main] BaseTest - Tearing down the driver...
[INFO ] 2024-12-25 04:20:24.189 [main] CustomersStepDef - Customer ICPJFNN TRHFVHL, has been added successfully.
[INFO ] 2024-12-25 04:20:24.197 [main] BaseTest - Tearing down the driver...
[INFO ] 2024-12-25 04:20:49.835 [main] CustomersStepDef - Customer CLCPJGA PVAMPMK, has been added successfully.
[INFO ] 2024-12-25 04:20:49.842 [main] BaseTest - Tearing down the driver...
[INFO ] 2024-12-25 04:21:15.257 [main] CustomersStepDef - Customer FAWTRJL ATSZTET, has been added successfully.
[INFO ] 2024-12-25 04:21:15.265 [main] BaseTest - Tearing down the driver...
[INFO ] 2024-12-25 04:21:49.746 [main] CustomersStepDef - Customer CQWJRLJ PPVCESH, has been added successfully.
[INFO ] 2024-12-25 04:21:49.750 [main] BaseTest - Tearing down the driver...
[INFO ] 2024-12-25 04:22:15.446 [main] CustomersStepDef - Customer YDTRZET LMTYBBH, has been added successfully.
[INFO ] 2024-12-25 04:22:15.452 [main] BaseTest - Tearing down the driver...
[INFO ] 2024-12-25 04:22:36.088 [main] CustomersStepDef - **** Logout
[INFO ] 2024-12-25 04:22:40.503 [main] BaseTest - Tearing down the driver...
[INFO ] 2024-12-25 04:23:02.201 [main] CustomersStepDef - **** Logout
[INFO ] 2024-12-25 04:23:06.696 [main] BaseTest - Tearing down the driver...
[INFO ] 2024-12-25 04:35:18.010 [main] CustomersStepDef - **** Logout
[INFO ] 2024-12-25 04:35:22.687 [main] BaseTest - Tearing down the driver...
